<?xml version="1.0" encoding="UTF-8"?>
<!-- Generated by org.testng.reporters.JUnitXMLReporter -->
<testsuite hostname="IN-PG02NKED" ignored="0" name="Test" tests="1" failures="1" timestamp="21 Mar 2022 12:17:11 GMT" time="18.76" errors="0">
  <testcase name="feature" time="18.105" classname="cucumber.api.testng.AbstractTestNGCucumberTests">
    <failure type="cucumber.runtime.CucumberException" message="junit.framework.ComparisonFailure: expected:&amp;lt;... Asset&amp;gt; but was:&amp;lt;...&amp;gt;">
      <![CDATA[cucumber.runtime.CucumberException: junit.framework.ComparisonFailure: expected:<... Asset> but was:<...>
at cucumber.api.testng.TestNGCucumberRunner.runCucumber(TestNGCucumberRunner.java:69)
at cucumber.api.testng.AbstractTestNGCucumberTests.feature(AbstractTestNGCucumberTests.java:21)
Caused by: junit.framework.ComparisonFailure: expected:<... Asset> but was:<...>
at junit.framework.Assert.assertEquals(Assert.java:81)
at junit.framework.Assert.assertEquals(Assert.java:87)
at com.Screens.ContentScreen.ReadAssetTitle(ContentScreen.java:57)
at com.stepDefinitions.ContentSteps.user_see_the_text_of_that_page(ContentSteps.java:34)
at âœ½.Then user see the text of that page(Contetnt.feature:8)
... Removed 25 stack frames]]>
    </failure>
  </testcase> <!-- feature -->
</testsuite> <!-- Test -->
